<?xml version="1.0" encoding="UTF-8"?>
<!-- Generated by org.testng.reporters.JUnitXMLReporter -->
<testsuite hostname="LAPTOP-S97G3DGU" ignored="0" name="Test" tests="2" failures="2" timestamp="2021-06-27T00:12:18 IST" time="6.666" errors="0">
  <testcase name="totalValidation" time="0.617" classname="practise.AppiumFrame.EcommerceTest_4">
    <failure type="io.appium.java_client.service.local.InvalidServerInstanceException" message="The main Appium script does not exist at &amp;apos;C:\Windows\system32\config\systemprofile\AppData\Roaming\npm\node_modules\appium\build\lib\main.js&amp;apos;">
      <![CDATA[io.appium.java_client.service.local.InvalidServerInstanceException: The main Appium script does not exist at 'C:\Windows\system32\config\systemprofile\AppData\Roaming\npm\node_modules\appium\build\lib\main.js'
at io.appium.java_client.service.local.AppiumServiceBuilder.findMainScript(AppiumServiceBuilder.java:163)
at io.appium.java_client.service.local.AppiumServiceBuilder.loadPathToMainScript(AppiumServiceBuilder.java:317)
at io.appium.java_client.service.local.AppiumServiceBuilder.createArgs(AppiumServiceBuilder.java:373)
at org.openqa.selenium.remote.service.DriverService$Builder.build(DriverService.java:358)
at io.appium.java_client.service.local.AppiumDriverLocalService.buildService(AppiumDriverLocalService.java:91)
at io.appium.java_client.service.local.AppiumDriverLocalService.buildDefaultService(AppiumDriverLocalService.java:87)
at practise.AppiumFrame.Base.startServer(Base.java:29)
at practise.AppiumFrame.EcommerceTest_4.totalValidation(EcommerceTest_4.java:28)
at java.util.ArrayList.forEach(ArrayList.java:1259)
... Removed 31 stack frames]]>
    </failure>
  </testcase> <!-- totalValidation -->
  <testcase name="totalValidation" time="0.636" classname="practise.AppiumFrame.EcommerceTest_4">
    <failure type="java.lang.NullPointerException">
      <![CDATA[java.lang.NullPointerException
at practise.AppiumFrame.Base.getScreenshot(Base.java:131)
at resources.Listeners.onTestFailure(Listeners.java:24)
at java.util.ArrayList.forEach(ArrayList.java:1259)
... Removed 28 stack frames]]>
    </failure>
  </testcase> <!-- totalValidation -->
</testsuite> <!-- Test -->
