<?xml version="1.0" encoding="UTF-8"?>
<testng-results ignored="0" total="2" passed="2" failed="0" skipped="0">
  <reporter-output>
  </reporter-output>
  <suite started-at="2021-06-26T20:44:05 IST" name="Default suite" finished-at="2021-06-26T20:45:33 IST" duration-ms="88202">
    <groups>
    </groups>
    <test started-at="2021-06-26T20:44:05 IST" name="Default test" finished-at="2021-06-26T20:45:33 IST" duration-ms="88202">
      <class name="practise.AppiumFrame.EcommerceTest_4">
        <test-method is-config="true" signature="killAllNodes()[pri:0, instance:practise.AppiumFrame.EcommerceTest_4@a38c7fe]" started-at="2021-06-26T20:44:05 IST" name="killAllNodes" finished-at="2021-06-26T20:44:11 IST" duration-ms="6026" status="PASS">
          <reporter-output>
          </reporter-output>
        </test-method> <!-- killAllNodes -->
        <test-method signature="totalValidation(java.lang.String)[pri:0, instance:practise.AppiumFrame.EcommerceTest_4@a38c7fe]" started-at="2021-06-26T20:44:11 IST" name="totalValidation" data-provider="ApiDemoData" finished-at="2021-06-26T20:44:54 IST" duration-ms="43362" status="PASS">
          <params>
            <param index="0">
              <value>
                <![CDATA[hello]]>
              </value>
            </param>
          </params>
          <reporter-output>
          </reporter-output>
        </test-method> <!-- totalValidation -->
        <test-method signature="totalValidation(java.lang.String)[pri:0, instance:practise.AppiumFrame.EcommerceTest_4@a38c7fe]" started-at="2021-06-26T20:44:54 IST" name="totalValidation" data-provider="ApiDemoData" finished-at="2021-06-26T20:45:33 IST" duration-ms="38747" status="PASS">
          <params>
            <param index="0">
              <value>
                <![CDATA[@#$%]]>
              </value>
            </param>
          </params>
          <reporter-output>
          </reporter-output>
        </test-method> <!-- totalValidation -->
      </class> <!-- practise.AppiumFrame.EcommerceTest_4 -->
    </test> <!-- Default test -->
  </suite> <!-- Default suite -->
</testng-results>
